<?xml version="1.0" encoding="UTF-8"?>
<!-- Generated by org.testng.reporters.JUnitReportReporter -->
<testsuite hostname="DESKTOP-TS8DG7F" failures="0" tests="1" name="MainPageTests" time="16.582" errors="0" timestamp="2021-12-02T23:28:00 PST" skipped="0">
  <testcase classname="MainPageTests" name="testTitlesOfItems" time="16.582"/>
  <system-out/>
</testsuite> <!-- MainPageTests -->
